

Microchip Technology PIC LITE Macro Assembler V1.34 build -361300703 
                                                                                               Fri Mar 29 14:11:41 2024

Microchip Technology Omniscient Code Generator (Lite mode) build 201502162209
     1                           	processor	16F1825
     2                           	opt	pw 120
     3                           	opt	lm
     4                           	psect	text0,local,class=CODE,merge=1,delta=2
     5                           	psect	cinit,global,class=CODE,merge=1,delta=2
     6                           	psect	bssCOMMON,global,class=COMMON,space=1,delta=1
     7                           	psect	cstackCOMMON,global,class=COMMON,space=1,delta=1
     8                           	psect	maintext,global,class=CODE,merge=1,split=1,delta=2
     9                           	psect	text1,local,class=CODE,merge=1,delta=2
    10                           	psect	text2,local,class=CODE,merge=1,delta=2
    11                           	psect	text3,local,class=CODE,merge=1,delta=2
    12                           	psect	text4,local,class=CODE,merge=1,delta=2
    13                           	psect	intentry,global,class=CODE,delta=2
    14                           	psect	text6,local,class=CODE,merge=1,delta=2
    15                           	psect	text7,local,class=CODE,merge=1,delta=2
    16                           	dabs	1,0x7E,2
    17  0000                     	;# 
    18  0001                     	;# 
    19  0002                     	;# 
    20  0003                     	;# 
    21  0004                     	;# 
    22  0005                     	;# 
    23  0006                     	;# 
    24  0007                     	;# 
    25  0008                     	;# 
    26  0009                     	;# 
    27  000A                     	;# 
    28  000B                     	;# 
    29  000C                     	;# 
    30  000E                     	;# 
    31  0011                     	;# 
    32  0012                     	;# 
    33  0013                     	;# 
    34  0015                     	;# 
    35  0016                     	;# 
    36  0016                     	;# 
    37  0017                     	;# 
    38  0018                     	;# 
    39  0019                     	;# 
    40  001A                     	;# 
    41  001B                     	;# 
    42  001C                     	;# 
    43  001E                     	;# 
    44  001F                     	;# 
    45  008C                     	;# 
    46  008E                     	;# 
    47  0091                     	;# 
    48  0092                     	;# 
    49  0093                     	;# 
    50  0095                     	;# 
    51  0096                     	;# 
    52  0097                     	;# 
    53  0098                     	;# 
    54  0099                     	;# 
    55  009A                     	;# 
    56  009B                     	;# 
    57  009B                     	;# 
    58  009C                     	;# 
    59  009D                     	;# 
    60  009E                     	;# 
    61  010C                     	;# 
    62  010E                     	;# 
    63  0111                     	;# 
    64  0112                     	;# 
    65  0113                     	;# 
    66  0114                     	;# 
    67  0115                     	;# 
    68  0116                     	;# 
    69  0117                     	;# 
    70  0118                     	;# 
    71  0119                     	;# 
    72  011A                     	;# 
    73  011B                     	;# 
    74  011D                     	;# 
    75  011E                     	;# 
    76  018C                     	;# 
    77  018E                     	;# 
    78  0191                     	;# 
    79  0191                     	;# 
    80  0192                     	;# 
    81  0193                     	;# 
    82  0193                     	;# 
    83  0193                     	;# 
    84  0194                     	;# 
    85  0195                     	;# 
    86  0196                     	;# 
    87  0199                     	;# 
    88  019A                     	;# 
    89  019B                     	;# 
    90  019B                     	;# 
    91  019C                     	;# 
    92  019D                     	;# 
    93  019E                     	;# 
    94  019F                     	;# 
    95  020C                     	;# 
    96  020E                     	;# 
    97  0211                     	;# 
    98  0211                     	;# 
    99  0212                     	;# 
   100  0212                     	;# 
   101  0213                     	;# 
   102  0213                     	;# 
   103  0214                     	;# 
   104  0214                     	;# 
   105  0215                     	;# 
   106  0215                     	;# 
   107  0215                     	;# 
   108  0216                     	;# 
   109  0216                     	;# 
   110  0217                     	;# 
   111  0217                     	;# 
   112  0291                     	;# 
   113  0291                     	;# 
   114  0292                     	;# 
   115  0293                     	;# 
   116  0294                     	;# 
   117  0295                     	;# 
   118  0295                     	;# 
   119  0296                     	;# 
   120  0298                     	;# 
   121  0298                     	;# 
   122  0299                     	;# 
   123  029A                     	;# 
   124  029B                     	;# 
   125  029C                     	;# 
   126  029D                     	;# 
   127  029E                     	;# 
   128  0311                     	;# 
   129  0311                     	;# 
   130  0312                     	;# 
   131  0313                     	;# 
   132  0318                     	;# 
   133  0318                     	;# 
   134  0319                     	;# 
   135  031A                     	;# 
   136  038C                     	;# 
   137  038E                     	;# 
   138  0391                     	;# 
   139  0392                     	;# 
   140  0393                     	;# 
   141  039A                     	;# 
   142  039C                     	;# 
   143  039D                     	;# 
   144  039E                     	;# 
   145  039F                     	;# 
   146  0415                     	;# 
   147  0416                     	;# 
   148  0417                     	;# 
   149  041C                     	;# 
   150  041D                     	;# 
   151  041E                     	;# 
   152  0FE4                     	;# 
   153  0FE5                     	;# 
   154  0FE6                     	;# 
   155  0FE7                     	;# 
   156  0FE8                     	;# 
   157  0FE9                     	;# 
   158  0FEA                     	;# 
   159  0FEB                     	;# 
   160  0FED                     	;# 
   161  0FEE                     	;# 
   162  0FEF                     	;# 
   163  0000                     	;# 
   164  0001                     	;# 
   165  0002                     	;# 
   166  0003                     	;# 
   167  0004                     	;# 
   168  0005                     	;# 
   169  0006                     	;# 
   170  0007                     	;# 
   171  0008                     	;# 
   172  0009                     	;# 
   173  000A                     	;# 
   174  000B                     	;# 
   175  000C                     	;# 
   176  000E                     	;# 
   177  0011                     	;# 
   178  0012                     	;# 
   179  0013                     	;# 
   180  0015                     	;# 
   181  0016                     	;# 
   182  0016                     	;# 
   183  0017                     	;# 
   184  0018                     	;# 
   185  0019                     	;# 
   186  001A                     	;# 
   187  001B                     	;# 
   188  001C                     	;# 
   189  001E                     	;# 
   190  001F                     	;# 
   191  008C                     	;# 
   192  008E                     	;# 
   193  0091                     	;# 
   194  0092                     	;# 
   195  0093                     	;# 
   196  0095                     	;# 
   197  0096                     	;# 
   198  0097                     	;# 
   199  0098                     	;# 
   200  0099                     	;# 
   201  009A                     	;# 
   202  009B                     	;# 
   203  009B                     	;# 
   204  009C                     	;# 
   205  009D                     	;# 
   206  009E                     	;# 
   207  010C                     	;# 
   208  010E                     	;# 
   209  0111                     	;# 
   210  0112                     	;# 
   211  0113                     	;# 
   212  0114                     	;# 
   213  0115                     	;# 
   214  0116                     	;# 
   215  0117                     	;# 
   216  0118                     	;# 
   217  0119                     	;# 
   218  011A                     	;# 
   219  011B                     	;# 
   220  011D                     	;# 
   221  011E                     	;# 
   222  018C                     	;# 
   223  018E                     	;# 
   224  0191                     	;# 
   225  0191                     	;# 
   226  0192                     	;# 
   227  0193                     	;# 
   228  0193                     	;# 
   229  0193                     	;# 
   230  0194                     	;# 
   231  0195                     	;# 
   232  0196                     	;# 
   233  0199                     	;# 
   234  019A                     	;# 
   235  019B                     	;# 
   236  019B                     	;# 
   237  019C                     	;# 
   238  019D                     	;# 
   239  019E                     	;# 
   240  019F                     	;# 
   241  020C                     	;# 
   242  020E                     	;# 
   243  0211                     	;# 
   244  0211                     	;# 
   245  0212                     	;# 
   246  0212                     	;# 
   247  0213                     	;# 
   248  0213                     	;# 
   249  0214                     	;# 
   250  0214                     	;# 
   251  0215                     	;# 
   252  0215                     	;# 
   253  0215                     	;# 
   254  0216                     	;# 
   255  0216                     	;# 
   256  0217                     	;# 
   257  0217                     	;# 
   258  0291                     	;# 
   259  0291                     	;# 
   260  0292                     	;# 
   261  0293                     	;# 
   262  0294                     	;# 
   263  0295                     	;# 
   264  0295                     	;# 
   265  0296                     	;# 
   266  0298                     	;# 
   267  0298                     	;# 
   268  0299                     	;# 
   269  029A                     	;# 
   270  029B                     	;# 
   271  029C                     	;# 
   272  029D                     	;# 
   273  029E                     	;# 
   274  0311                     	;# 
   275  0311                     	;# 
   276  0312                     	;# 
   277  0313                     	;# 
   278  0318                     	;# 
   279  0318                     	;# 
   280  0319                     	;# 
   281  031A                     	;# 
   282  038C                     	;# 
   283  038E                     	;# 
   284  0391                     	;# 
   285  0392                     	;# 
   286  0393                     	;# 
   287  039A                     	;# 
   288  039C                     	;# 
   289  039D                     	;# 
   290  039E                     	;# 
   291  039F                     	;# 
   292  0415                     	;# 
   293  0416                     	;# 
   294  0417                     	;# 
   295  041C                     	;# 
   296  041D                     	;# 
   297  041E                     	;# 
   298  0FE4                     	;# 
   299  0FE5                     	;# 
   300  0FE6                     	;# 
   301  0FE7                     	;# 
   302  0FE8                     	;# 
   303  0FE9                     	;# 
   304  0FEA                     	;# 
   305  0FEB                     	;# 
   306  0FED                     	;# 
   307  0FEE                     	;# 
   308  0FEF                     	;# 
   309  0000                     	;# 
   310  0001                     	;# 
   311  0002                     	;# 
   312  0003                     	;# 
   313  0004                     	;# 
   314  0005                     	;# 
   315  0006                     	;# 
   316  0007                     	;# 
   317  0008                     	;# 
   318  0009                     	;# 
   319  000A                     	;# 
   320  000B                     	;# 
   321  000C                     	;# 
   322  000E                     	;# 
   323  0011                     	;# 
   324  0012                     	;# 
   325  0013                     	;# 
   326  0015                     	;# 
   327  0016                     	;# 
   328  0016                     	;# 
   329  0017                     	;# 
   330  0018                     	;# 
   331  0019                     	;# 
   332  001A                     	;# 
   333  001B                     	;# 
   334  001C                     	;# 
   335  001E                     	;# 
   336  001F                     	;# 
   337  008C                     	;# 
   338  008E                     	;# 
   339  0091                     	;# 
   340  0092                     	;# 
   341  0093                     	;# 
   342  0095                     	;# 
   343  0096                     	;# 
   344  0097                     	;# 
   345  0098                     	;# 
   346  0099                     	;# 
   347  009A                     	;# 
   348  009B                     	;# 
   349  009B                     	;# 
   350  009C                     	;# 
   351  009D                     	;# 
   352  009E                     	;# 
   353  010C                     	;# 
   354  010E                     	;# 
   355  0111                     	;# 
   356  0112                     	;# 
   357  0113                     	;# 
   358  0114                     	;# 
   359  0115                     	;# 
   360  0116                     	;# 
   361  0117                     	;# 
   362  0118                     	;# 
   363  0119                     	;# 
   364  011A                     	;# 
   365  011B                     	;# 
   366  011D                     	;# 
   367  011E                     	;# 
   368  018C                     	;# 
   369  018E                     	;# 
   370  0191                     	;# 
   371  0191                     	;# 
   372  0192                     	;# 
   373  0193                     	;# 
   374  0193                     	;# 
   375  0193                     	;# 
   376  0194                     	;# 
   377  0195                     	;# 
   378  0196                     	;# 
   379  0199                     	;# 
   380  019A                     	;# 
   381  019B                     	;# 
   382  019B                     	;# 
   383  019C                     	;# 
   384  019D                     	;# 
   385  019E                     	;# 
   386  019F                     	;# 
   387  020C                     	;# 
   388  020E                     	;# 
   389  0211                     	;# 
   390  0211                     	;# 
   391  0212                     	;# 
   392  0212                     	;# 
   393  0213                     	;# 
   394  0213                     	;# 
   395  0214                     	;# 
   396  0214                     	;# 
   397  0215                     	;# 
   398  0215                     	;# 
   399  0215                     	;# 
   400  0216                     	;# 
   401  0216                     	;# 
   402  0217                     	;# 
   403  0217                     	;# 
   404  0291                     	;# 
   405  0291                     	;# 
   406  0292                     	;# 
   407  0293                     	;# 
   408  0294                     	;# 
   409  0295                     	;# 
   410  0295                     	;# 
   411  0296                     	;# 
   412  0298                     	;# 
   413  0298                     	;# 
   414  0299                     	;# 
   415  029A                     	;# 
   416  029B                     	;# 
   417  029C                     	;# 
   418  029D                     	;# 
   419  029E                     	;# 
   420  0311                     	;# 
   421  0311                     	;# 
   422  0312                     	;# 
   423  0313                     	;# 
   424  0318                     	;# 
   425  0318                     	;# 
   426  0319                     	;# 
   427  031A                     	;# 
   428  038C                     	;# 
   429  038E                     	;# 
   430  0391                     	;# 
   431  0392                     	;# 
   432  0393                     	;# 
   433  039A                     	;# 
   434  039C                     	;# 
   435  039D                     	;# 
   436  039E                     	;# 
   437  039F                     	;# 
   438  0415                     	;# 
   439  0416                     	;# 
   440  0417                     	;# 
   441  041C                     	;# 
   442  041D                     	;# 
   443  041E                     	;# 
   444  0FE4                     	;# 
   445  0FE5                     	;# 
   446  0FE6                     	;# 
   447  0FE7                     	;# 
   448  0FE8                     	;# 
   449  0FE9                     	;# 
   450  0FEA                     	;# 
   451  0FEB                     	;# 
   452  0FED                     	;# 
   453  0FEE                     	;# 
   454  0FEF                     	;# 
   455  0000                     	;# 
   456  0001                     	;# 
   457  0002                     	;# 
   458  0003                     	;# 
   459  0004                     	;# 
   460  0005                     	;# 
   461  0006                     	;# 
   462  0007                     	;# 
   463  0008                     	;# 
   464  0009                     	;# 
   465  000A                     	;# 
   466  000B                     	;# 
   467  000C                     	;# 
   468  000E                     	;# 
   469  0011                     	;# 
   470  0012                     	;# 
   471  0013                     	;# 
   472  0015                     	;# 
   473  0016                     	;# 
   474  0016                     	;# 
   475  0017                     	;# 
   476  0018                     	;# 
   477  0019                     	;# 
   478  001A                     	;# 
   479  001B                     	;# 
   480  001C                     	;# 
   481  001E                     	;# 
   482  001F                     	;# 
   483  008C                     	;# 
   484  008E                     	;# 
   485  0091                     	;# 
   486  0092                     	;# 
   487  0093                     	;# 
   488  0095                     	;# 
   489  0096                     	;# 
   490  0097                     	;# 
   491  0098                     	;# 
   492  0099                     	;# 
   493  009A                     	;# 
   494  009B                     	;# 
   495  009B                     	;# 
   496  009C                     	;# 
   497  009D                     	;# 
   498  009E                     	;# 
   499  010C                     	;# 
   500  010E                     	;# 
   501  0111                     	;# 
   502  0112                     	;# 
   503  0113                     	;# 
   504  0114                     	;# 
   505  0115                     	;# 
   506  0116                     	;# 
   507  0117                     	;# 
   508  0118                     	;# 
   509  0119                     	;# 
   510  011A                     	;# 
   511  011B                     	;# 
   512  011D                     	;# 
   513  011E                     	;# 
   514  018C                     	;# 
   515  018E                     	;# 
   516  0191                     	;# 
   517  0191                     	;# 
   518  0192                     	;# 
   519  0193                     	;# 
   520  0193                     	;# 
   521  0193                     	;# 
   522  0194                     	;# 
   523  0195                     	;# 
   524  0196                     	;# 
   525  0199                     	;# 
   526  019A                     	;# 
   527  019B                     	;# 
   528  019B                     	;# 
   529  019C                     	;# 
   530  019D                     	;# 
   531  019E                     	;# 
   532  019F                     	;# 
   533  020C                     	;# 
   534  020E                     	;# 
   535  0211                     	;# 
   536  0211                     	;# 
   537  0212                     	;# 
   538  0212                     	;# 
   539  0213                     	;# 
   540  0213                     	;# 
   541  0214                     	;# 
   542  0214                     	;# 
   543  0215                     	;# 
   544  0215                     	;# 
   545  0215                     	;# 
   546  0216                     	;# 
   547  0216                     	;# 
   548  0217                     	;# 
   549  0217                     	;# 
   550  0291                     	;# 
   551  0291                     	;# 
   552  0292                     	;# 
   553  0293                     	;# 
   554  0294                     	;# 
   555  0295                     	;# 
   556  0295                     	;# 
   557  0296                     	;# 
   558  0298                     	;# 
   559  0298                     	;# 
   560  0299                     	;# 
   561  029A                     	;# 
   562  029B                     	;# 
   563  029C                     	;# 
   564  029D                     	;# 
   565  029E                     	;# 
   566  0311                     	;# 
   567  0311                     	;# 
   568  0312                     	;# 
   569  0313                     	;# 
   570  0318                     	;# 
   571  0318                     	;# 
   572  0319                     	;# 
   573  031A                     	;# 
   574  038C                     	;# 
   575  038E                     	;# 
   576  0391                     	;# 
   577  0392                     	;# 
   578  0393                     	;# 
   579  039A                     	;# 
   580  039C                     	;# 
   581  039D                     	;# 
   582  039E                     	;# 
   583  039F                     	;# 
   584  0415                     	;# 
   585  0416                     	;# 
   586  0417                     	;# 
   587  041C                     	;# 
   588  041D                     	;# 
   589  041E                     	;# 
   590  0FE4                     	;# 
   591  0FE5                     	;# 
   592  0FE6                     	;# 
   593  0FE7                     	;# 
   594  0FE8                     	;# 
   595  0FE9                     	;# 
   596  0FEA                     	;# 
   597  0FEB                     	;# 
   598  0FED                     	;# 
   599  0FEE                     	;# 
   600  0FEF                     	;# 
   601  0000                     	;# 
   602  0001                     	;# 
   603  0002                     	;# 
   604  0003                     	;# 
   605  0004                     	;# 
   606  0005                     	;# 
   607  0006                     	;# 
   608  0007                     	;# 
   609  0008                     	;# 
   610  0009                     	;# 
   611  000A                     	;# 
   612  000B                     	;# 
   613  000C                     	;# 
   614  000E                     	;# 
   615  0011                     	;# 
   616  0012                     	;# 
   617  0013                     	;# 
   618  0015                     	;# 
   619  0016                     	;# 
   620  0016                     	;# 
   621  0017                     	;# 
   622  0018                     	;# 
   623  0019                     	;# 
   624  001A                     	;# 
   625  001B                     	;# 
   626  001C                     	;# 
   627  001E                     	;# 
   628  001F                     	;# 
   629  008C                     	;# 
   630  008E                     	;# 
   631  0091                     	;# 
   632  0092                     	;# 
   633  0093                     	;# 
   634  0095                     	;# 
   635  0096                     	;# 
   636  0097                     	;# 
   637  0098                     	;# 
   638  0099                     	;# 
   639  009A                     	;# 
   640  009B                     	;# 
   641  009B                     	;# 
   642  009C                     	;# 
   643  009D                     	;# 
   644  009E                     	;# 
   645  010C                     	;# 
   646  010E                     	;# 
   647  0111                     	;# 
   648  0112                     	;# 
   649  0113                     	;# 
   650  0114                     	;# 
   651  0115                     	;# 
   652  0116                     	;# 
   653  0117                     	;# 
   654  0118                     	;# 
   655  0119                     	;# 
   656  011A                     	;# 
   657  011B                     	;# 
   658  011D                     	;# 
   659  011E                     	;# 
   660  018C                     	;# 
   661  018E                     	;# 
   662  0191                     	;# 
   663  0191                     	;# 
   664  0192                     	;# 
   665  0193                     	;# 
   666  0193                     	;# 
   667  0193                     	;# 
   668  0194                     	;# 
   669  0195                     	;# 
   670  0196                     	;# 
   671  0199                     	;# 
   672  019A                     	;# 
   673  019B                     	;# 
   674  019B                     	;# 
   675  019C                     	;# 
   676  019D                     	;# 
   677  019E                     	;# 
   678  019F                     	;# 
   679  020C                     	;# 
   680  020E                     	;# 
   681  0211                     	;# 
   682  0211                     	;# 
   683  0212                     	;# 
   684  0212                     	;# 
   685  0213                     	;# 
   686  0213                     	;# 
   687  0214                     	;# 
   688  0214                     	;# 
   689  0215                     	;# 
   690  0215                     	;# 
   691  0215                     	;# 
   692  0216                     	;# 
   693  0216                     	;# 
   694  0217                     	;# 
   695  0217                     	;# 
   696  0291                     	;# 
   697  0291                     	;# 
   698  0292                     	;# 
   699  0293                     	;# 
   700  0294                     	;# 
   701  0295                     	;# 
   702  0295                     	;# 
   703  0296                     	;# 
   704  0298                     	;# 
   705  0298                     	;# 
   706  0299                     	;# 
   707  029A                     	;# 
   708  029B                     	;# 
   709  029C                     	;# 
   710  029D                     	;# 
   711  029E                     	;# 
   712  0311                     	;# 
   713  0311                     	;# 
   714  0312                     	;# 
   715  0313                     	;# 
   716  0318                     	;# 
   717  0318                     	;# 
   718  0319                     	;# 
   719  031A                     	;# 
   720  038C                     	;# 
   721  038E                     	;# 
   722  0391                     	;# 
   723  0392                     	;# 
   724  0393                     	;# 
   725  039A                     	;# 
   726  039C                     	;# 
   727  039D                     	;# 
   728  039E                     	;# 
   729  039F                     	;# 
   730  0415                     	;# 
   731  0416                     	;# 
   732  0417                     	;# 
   733  041C                     	;# 
   734  041D                     	;# 
   735  041E                     	;# 
   736  0FE4                     	;# 
   737  0FE5                     	;# 
   738  0FE6                     	;# 
   739  0FE7                     	;# 
   740  0FE8                     	;# 
   741  0FE9                     	;# 
   742  0FEA                     	;# 
   743  0FEB                     	;# 
   744  0FED                     	;# 
   745  0FEE                     	;# 
   746  0FEF                     	;# 
   747  000B                     _INTCONbits	set	11
   748  000C                     _PORTAbits	set	12
   749  0015                     _TMR0	set	21
   750  0095                     _OPTION_REG	set	149
   751  0095                     _OPTION_REGbits	set	149
   752  0099                     _OSCCON	set	153
   753  009A                     _OSCSTAT	set	154
   754  0098                     _OSCTUNE	set	152
   755  008C                     _TRISA	set	140
   756  008E                     _TRISC	set	142
   757  011D                     _APFCON0	set	285
   758  011E                     _APFCON1	set	286
   759  010C                     _LATA	set	268
   760  010E                     _LATC	set	270
   761  0870                     _LATC0	set	2160
   762  0871                     _LATC1	set	2161
   763  0872                     _LATC2	set	2162
   764  0873                     _LATC3	set	2163
   765  018C                     _ANSELA	set	396
   766  018E                     _ANSELC	set	398
   767  020C                     _WPUA	set	524
   768  020E                     _WPUC	set	526
   769  1C9C                     _IOCAF4	set	7324
   770  1C9D                     _IOCAF5	set	7325
   771  1C94                     _IOCAN4	set	7316
   772  1C95                     _IOCAN5	set	7317
   773                           
   774                           	psect	text0
   775  0000                     __ptext0:	
   776                           ; #config settings
   777                           
   778                           
   779                           ;psect for function _PIN_MANAGER_IOC
   780  0000                     
   781                           	psect	cinit
   782  001B                     start_initialization:	
   783  001B                     __initialization:	
   784                           
   785                           ; Clear objects allocated to COMMON
   786  001B  01F0               	clrf	__pbssCOMMON& (0+127)
   787  001C  01F1               	clrf	(__pbssCOMMON+1)& (0+127)
   788  001D  01F2               	clrf	(__pbssCOMMON+2)& (0+127)
   789  001E  01F3               	clrf	(__pbssCOMMON+3)& (0+127)
   790  001F  01F4               	clrf	(__pbssCOMMON+4)& (0+127)
   791  0020  01F5               	clrf	(__pbssCOMMON+5)& (0+127)
   792  0021  01F6               	clrf	(__pbssCOMMON+6)& (0+127)
   793  0022                     end_of_initialization:	
   794                           ;End of C runtime variable initialization code
   795                           
   796  0022                     __end_of__initialization:	
   797  0022  0020               	movlb	0
   798  0023  3180  2825         	ljmp	_main	;jump to C main() function
   799                           
   800                           	psect	bssCOMMON
   801  0070                     __pbssCOMMON:	
   802  0070                     _counter:	
   803  0070                     	ds	1
   804  0071                     _ledbuttonpressed:	
   805  0071                     	ds	1
   806  0072                     _ms195flag:	
   807  0072                     	ds	1
   808  0073                     _newcounter:	
   809  0073                     	ds	1
   810  0074                     _newcounter1:	
   811  0074                     	ds	1
   812  0075                     _newcounter2:	
   813  0075                     	ds	1
   814  0076                     _timer0ReloadVal:	
   815  0076                     	ds	1
   816                           
   817                           	psect	cstackCOMMON
   818  0077                     __pcstackCOMMON:	
   819  0077                     ?_OSCILLATOR_Initialize:	
   820  0077                     ?_TMR0_Initialize:	
   821                           ; 0 bytes @ 0x0
   822                           
   823  0077                     ?_TMR0_ISR:	
   824                           ; 0 bytes @ 0x0
   825                           
   826  0077                     ??_TMR0_ISR:	
   827                           ; 0 bytes @ 0x0
   828                           
   829  0077                     ?_PIN_MANAGER_Initialize:	
   830                           ; 0 bytes @ 0x0
   831                           
   832  0077                     ?_PIN_MANAGER_IOC:	
   833                           ; 0 bytes @ 0x0
   834                           
   835  0077                     ??_PIN_MANAGER_IOC:	
   836                           ; 0 bytes @ 0x0
   837                           
   838  0077                     ?_SYSTEM_Initialize:	
   839                           ; 0 bytes @ 0x0
   840                           
   841  0077                     ?_INTERRUPT_InterruptManager:	
   842                           ; 0 bytes @ 0x0
   843                           
   844  0077                     ?_main:	
   845                           ; 0 bytes @ 0x0
   846                           
   847                           
   848                           ; 0 bytes @ 0x0
   849  0077                     	ds	1
   850  0078                     ??_INTERRUPT_InterruptManager:	
   851                           
   852                           ; 0 bytes @ 0x1
   853  0078                     	ds	1
   854  0079                     ??_OSCILLATOR_Initialize:	
   855  0079                     ??_TMR0_Initialize:	
   856                           ; 0 bytes @ 0x2
   857                           
   858  0079                     ??_PIN_MANAGER_Initialize:	
   859                           ; 0 bytes @ 0x2
   860                           
   861  0079                     ??_SYSTEM_Initialize:	
   862                           ; 0 bytes @ 0x2
   863                           
   864  0079                     ??_main:	
   865                           ; 0 bytes @ 0x2
   866                           
   867                           
   868                           ; 0 bytes @ 0x2
   869  0079                     	ds	1
   870                           
   871                           	psect	maintext
   872  0025                     __pmaintext:	
   873 ;;
   874 ;;Main: autosize = 0, tempsize = 1, incstack = 0, save=0
   875 ;;
   876 ;; *************** function _main *****************
   877 ;; Defined at:
   878 ;;		line 64 in file "main.c"
   879 ;; Parameters:    Size  Location     Type
   880 ;;		None
   881 ;; Auto vars:     Size  Location     Type
   882 ;;		None
   883 ;; Return value:  Size  Location     Type
   884 ;;		None               void
   885 ;; Registers used:
   886 ;;		wreg, status,2, status,0, pclath, cstack
   887 ;; Tracked objects:
   888 ;;		On entry : B1F/0
   889 ;;		On exit  : 0/0
   890 ;;		Unchanged: 0/0
   891 ;; Data sizes:     COMMON   BANK0   BANK1   BANK2   BANK3   BANK4   BANK5   BANK6   BANK7   BANK8   BANK9  BANK10  BANK1
      +1  BANK12
   892 ;;      Params:         0       0       0       0       0       0       0       0       0       0       0       0       
      +0       0
   893 ;;      Locals:         0       0       0       0       0       0       0       0       0       0       0       0       
      +0       0
   894 ;;      Temps:          1       0       0       0       0       0       0       0       0       0       0       0       
      +0       0
   895 ;;      Totals:         1       0       0       0       0       0       0       0       0       0       0       0       
      +0       0
   896 ;;Total ram usage:        1 bytes
   897 ;; Hardware stack levels required when called:    4
   898 ;; This function calls:
   899 ;;		_SYSTEM_Initialize
   900 ;; This function is called by:
   901 ;;		Startup code after reset
   902 ;; This function uses a non-reentrant model
   903 ;;
   904                           
   905                           
   906                           ;psect for function _main
   907  0025                     _main:	
   908                           
   909                           ;main.c: 67: SYSTEM_Initialize();
   910                           
   911                           ;incstack = 0
   912                           ; Regs used in _main: [wreg+status,2+status,0+pclath+cstack]
   913  0025  3181  2115  3180   	fcall	_SYSTEM_Initialize
   914                           
   915                           ;main.c: 73: (INTCONbits.GIE = 1);
   916  0028  178B               	bsf	11,7	;volatile
   917                           
   918                           ;main.c: 76: (INTCONbits.PEIE = 1);
   919  0029  170B               	bsf	11,6	;volatile
   920  002A                     l698:	
   921                           ;main.c: 84: while (1)
   922                           
   923                           
   924                           ;main.c: 85: {
   925                           ;main.c: 86: if (ms195flag == 1)
   926  002A  0372               	decf	_ms195flag,w
   927  002B  1D03               	btfss	3,2
   928  002C  282A               	goto	l698
   929                           
   930                           ;main.c: 87: {
   931                           ;main.c: 88: ms195flag = 0;
   932  002D  01F2               	clrf	_ms195flag
   933                           
   934                           ;main.c: 89: counter++;
   935  002E  3001               	movlw	1
   936  002F  00F9               	movwf	??_main
   937  0030  0879               	movf	??_main,w
   938  0031  07F0               	addwf	_counter,f
   939                           
   940                           ;main.c: 90: if (counter >12)
   941  0032  300D               	movlw	13
   942  0033  0270               	subwf	_counter,w
   943  0034  1803               	btfsc	3,0
   944                           
   945                           ;main.c: 92: counter = 0;
   946  0035  01F0               	clrf	_counter
   947                           
   948                           ;main.c: 94: if(counter){
   949  0036  0870               	movf	_counter,w
   950  0037  1903               	btfsc	3,2
   951  0038  2868               	goto	l748
   952                           
   953                           ;main.c: 95: newcounter++;
   954  0039  3001               	movlw	1
   955  003A  00F9               	movwf	??_main
   956  003B  0879               	movf	??_main,w
   957  003C  07F3               	addwf	_newcounter,f
   958                           
   959                           ;main.c: 96: if (newcounter == 1){
   960  003D  0373               	decf	_newcounter,w
   961  003E  1D03               	btfss	3,2
   962  003F  2868               	goto	l748
   963                           
   964                           ;main.c: 97: newcounter = 0;
   965  0040  01F3               	clrf	_newcounter
   966                           
   967                           ;main.c: 98: if(ledbuttonpressed==1 ){
   968  0041  0371               	decf	_ledbuttonpressed,w
   969  0042  1D03               	btfss	3,2
   970  0043  284A               	goto	l724
   971                           
   972                           ;main.c: 99: LATC0=~LATC0;
   973  0044  3001               	movlw	1
   974  0045  0022               	movlb	2	; select bank2
   975  0046  068E               	xorwf	14,f
   976                           
   977                           ;main.c: 100: LATC1=0;
   978  0047  108E               	bcf	14,1	;volatile
   979                           
   980                           ;main.c: 101: LATC2=0;
   981  0048  110E               	bcf	14,2	;volatile
   982                           
   983                           ;main.c: 102: LATC3=0;
   984  0049  118E               	bcf	14,3	;volatile
   985  004A                     l724:	
   986                           
   987                           ;main.c: 103: }
   988                           ;main.c: 104: if(ledbuttonpressed==2 ){
   989  004A  3002               	movlw	2
   990  004B  0671               	xorwf	_ledbuttonpressed,w
   991  004C  1D03               	btfss	3,2
   992  004D  2854               	goto	l734
   993                           
   994                           ;main.c: 105: LATC0=0;
   995  004E  0022               	movlb	2	; select bank2
   996  004F  100E               	bcf	14,0	;volatile
   997                           
   998                           ;main.c: 106: LATC1=~LATC1;
   999  0050  3002               	movlw	2
  1000  0051  068E               	xorwf	14,f
  1001                           
  1002                           ;main.c: 107: LATC2=0;
  1003  0052  110E               	bcf	14,2	;volatile
  1004                           
  1005                           ;main.c: 108: LATC3=0;
  1006  0053  118E               	bcf	14,3	;volatile
  1007  0054                     l734:	
  1008                           
  1009                           ;main.c: 109: }
  1010                           ;main.c: 110: if(ledbuttonpressed==3 ){
  1011  0054  3003               	movlw	3
  1012  0055  0671               	xorwf	_ledbuttonpressed,w
  1013  0056  1D03               	btfss	3,2
  1014  0057  285E               	goto	l742
  1015                           
  1016                           ;main.c: 111: LATC0=0;
  1017  0058  0022               	movlb	2	; select bank2
  1018  0059  100E               	bcf	14,0	;volatile
  1019                           
  1020                           ;main.c: 112: LATC1=0;
  1021  005A  108E               	bcf	14,1	;volatile
  1022                           
  1023                           ;main.c: 113: LATC2=~LATC2;
  1024  005B  3004               	movlw	4
  1025  005C  068E               	xorwf	14,f
  1026                           
  1027                           ;main.c: 114: LATC3=0;
  1028  005D  118E               	bcf	14,3	;volatile
  1029  005E                     l742:	
  1030                           
  1031                           ;main.c: 115: }
  1032                           ;main.c: 116: if(ledbuttonpressed==4 ){
  1033  005E  3004               	movlw	4
  1034  005F  0671               	xorwf	_ledbuttonpressed,w
  1035  0060  1D03               	btfss	3,2
  1036  0061  2868               	goto	l748
  1037                           
  1038                           ;main.c: 117: LATC0=0;
  1039  0062  0022               	movlb	2	; select bank2
  1040  0063  100E               	bcf	14,0	;volatile
  1041                           
  1042                           ;main.c: 118: LATC1=0;
  1043  0064  108E               	bcf	14,1	;volatile
  1044                           
  1045                           ;main.c: 119: LATC2=0;
  1046  0065  110E               	bcf	14,2	;volatile
  1047                           
  1048                           ;main.c: 120: LATC3=~LATC3;
  1049  0066  3008               	movlw	8
  1050  0067  068E               	xorwf	14,f
  1051  0068                     l748:	
  1052                           
  1053                           ;main.c: 122: }
  1054                           ;main.c: 124: }
  1055                           ;main.c: 125: }
  1056                           ;main.c: 126: newcounter1++;
  1057  0068  3001               	movlw	1
  1058  0069  00F9               	movwf	??_main
  1059  006A  0879               	movf	??_main,w
  1060  006B  07F4               	addwf	_newcounter1,f
  1061                           
  1062                           ;main.c: 127: if ( newcounter1 == 3)
  1063  006C  3003               	movlw	3
  1064  006D  0674               	xorwf	_newcounter1,w
  1065  006E  1D03               	btfss	3,2
  1066  006F  28A2               	goto	l786
  1067                           
  1068                           ;main.c: 128: {
  1069                           ;main.c: 129: newcounter1=0;
  1070  0070  01F4               	clrf	_newcounter1
  1071                           
  1072                           ;main.c: 130: if(ledbuttonpressed==5 ){
  1073  0071  3005               	movlw	5
  1074  0072  0671               	xorwf	_ledbuttonpressed,w
  1075  0073  1D03               	btfss	3,2
  1076  0074  287C               	goto	l762
  1077                           
  1078                           ;main.c: 132: LATC0= ~LATC0;
  1079  0075  3001               	movlw	1
  1080  0076  0022               	movlb	2	; select bank2
  1081  0077  068E               	xorwf	14,f
  1082                           
  1083                           ;main.c: 133: LATC1= ~LATC1;
  1084  0078  3002               	movlw	2
  1085  0079  068E               	xorwf	14,f
  1086                           
  1087                           ;main.c: 134: LATC2=0;
  1088  007A  110E               	bcf	14,2	;volatile
  1089                           
  1090                           ;main.c: 135: LATC3=0;
  1091  007B  118E               	bcf	14,3	;volatile
  1092  007C                     l762:	
  1093                           
  1094                           ;main.c: 138: }
  1095                           ;main.c: 139: if(ledbuttonpressed==6 ){
  1096  007C  3006               	movlw	6
  1097  007D  0671               	xorwf	_ledbuttonpressed,w
  1098  007E  1D03               	btfss	3,2
  1099  007F  2887               	goto	l768
  1100                           
  1101                           ;main.c: 140: LATC0=0;
  1102  0080  0022               	movlb	2	; select bank2
  1103  0081  100E               	bcf	14,0	;volatile
  1104                           
  1105                           ;main.c: 141: LATC1=0;
  1106  0082  108E               	bcf	14,1	;volatile
  1107                           
  1108                           ;main.c: 142: LATC2= ~LATC2;
  1109  0083  3004               	movlw	4
  1110  0084  068E               	xorwf	14,f
  1111                           
  1112                           ;main.c: 143: LATC3= ~LATC3;
  1113  0085  3008               	movlw	8
  1114  0086  068E               	xorwf	14,f
  1115  0087                     l768:	
  1116                           
  1117                           ;main.c: 146: }
  1118                           ;main.c: 147: if(ledbuttonpressed==7 ){
  1119  0087  3007               	movlw	7
  1120  0088  0671               	xorwf	_ledbuttonpressed,w
  1121  0089  1D03               	btfss	3,2
  1122  008A  2892               	goto	l776
  1123                           
  1124                           ;main.c: 148: LATC0=~LATC0;
  1125  008B  3001               	movlw	1
  1126  008C  0022               	movlb	2	; select bank2
  1127  008D  068E               	xorwf	14,f
  1128                           
  1129                           ;main.c: 149: LATC1=0;
  1130  008E  108E               	bcf	14,1	;volatile
  1131                           
  1132                           ;main.c: 150: LATC2=0;
  1133  008F  110E               	bcf	14,2	;volatile
  1134                           
  1135                           ;main.c: 151: LATC3= ~LATC3;
  1136  0090  3008               	movlw	8
  1137  0091  068E               	xorwf	14,f
  1138  0092                     l776:	
  1139                           
  1140                           ;main.c: 154: }
  1141                           ;main.c: 155: if(ledbuttonpressed==8 ){
  1142  0092  3008               	movlw	8
  1143  0093  0671               	xorwf	_ledbuttonpressed,w
  1144  0094  1D03               	btfss	3,2
  1145  0095  28A2               	goto	l786
  1146                           
  1147                           ;main.c: 156: LATC0=0;
  1148  0096  0022               	movlb	2	; select bank2
  1149  0097  100E               	bcf	14,0	;volatile
  1150                           
  1151                           ;main.c: 157: LATC1=~LATC1;
  1152  0098  3002               	movlw	2
  1153  0099  068E               	xorwf	14,f
  1154                           
  1155                           ;main.c: 158: LATC2=~LATC1;
  1156  009A  188E               	btfsc	14,1	;volatile
  1157  009B  289F               	goto	u240
  1158  009C  0022               	movlb	2	; select bank2
  1159  009D  150E               	bsf	14,2	;volatile
  1160  009E  28A1               	goto	l784
  1161  009F                     u240:	
  1162  009F  0022               	movlb	2	; select bank2
  1163  00A0  110E               	bcf	14,2	;volatile
  1164  00A1                     l784:	
  1165                           
  1166                           ;main.c: 159: LATC3=0;
  1167  00A1  118E               	bcf	14,3	;volatile
  1168  00A2                     l786:	
  1169                           
  1170                           ;main.c: 162: }
  1171                           ;main.c: 164: }
  1172                           ;main.c: 165: newcounter2++;
  1173  00A2  3001               	movlw	1
  1174  00A3  00F9               	movwf	??_main
  1175  00A4  0879               	movf	??_main,w
  1176  00A5  07F5               	addwf	_newcounter2,f
  1177                           
  1178                           ;main.c: 167: if ( newcounter2 == 5)
  1179  00A6  3005               	movlw	5
  1180  00A7  0675               	xorwf	_newcounter2,w
  1181  00A8  1D03               	btfss	3,2
  1182  00A9  282A               	goto	l698
  1183                           
  1184                           ;main.c: 168: {
  1185                           ;main.c: 169: newcounter2=0;
  1186  00AA  01F5               	clrf	_newcounter2
  1187                           
  1188                           ;main.c: 170: if(ledbuttonpressed==9 ){
  1189  00AB  3009               	movlw	9
  1190  00AC  0671               	xorwf	_ledbuttonpressed,w
  1191  00AD  1D03               	btfss	3,2
  1192  00AE  28B8               	goto	l796
  1193                           
  1194                           ;main.c: 172: LATC0= ~LATC0;
  1195  00AF  3001               	movlw	1
  1196  00B0  0022               	movlb	2	; select bank2
  1197  00B1  068E               	xorwf	14,f
  1198                           
  1199                           ;main.c: 173: LATC1= ~LATC1;
  1200  00B2  3002               	movlw	2
  1201  00B3  068E               	xorwf	14,f
  1202                           
  1203                           ;main.c: 174: LATC2= ~LATC2 ;
  1204  00B4  3004               	movlw	4
  1205  00B5  068E               	xorwf	14,f
  1206                           
  1207                           ;main.c: 175: LATC3= ~LATC3;
  1208  00B6  3008               	movlw	8
  1209  00B7  068E               	xorwf	14,f
  1210  00B8                     l796:	
  1211                           
  1212                           ;main.c: 178: }
  1213                           ;main.c: 179: if(ledbuttonpressed==10 ){
  1214  00B8  300A               	movlw	10
  1215  00B9  0671               	xorwf	_ledbuttonpressed,w
  1216  00BA  1D03               	btfss	3,2
  1217  00BB  28C4               	goto	l802
  1218                           
  1219                           ;main.c: 181: LATC0= 0;
  1220  00BC  0022               	movlb	2	; select bank2
  1221  00BD  100E               	bcf	14,0	;volatile
  1222                           
  1223                           ;main.c: 182: LATC1= ~LATC1;
  1224  00BE  3002               	movlw	2
  1225  00BF  068E               	xorwf	14,f
  1226                           
  1227                           ;main.c: 183: LATC2= ~LATC2 ;
  1228  00C0  3004               	movlw	4
  1229  00C1  068E               	xorwf	14,f
  1230                           
  1231                           ;main.c: 184: LATC3= ~LATC3;
  1232  00C2  3008               	movlw	8
  1233  00C3  068E               	xorwf	14,f
  1234  00C4                     l802:	
  1235                           
  1236                           ;main.c: 187: }
  1237                           ;main.c: 188: if(ledbuttonpressed==11 ){
  1238  00C4  300B               	movlw	11
  1239  00C5  0671               	xorwf	_ledbuttonpressed,w
  1240  00C6  1D03               	btfss	3,2
  1241  00C7  282A               	goto	l698
  1242                           
  1243                           ;main.c: 190: LATC0= ~LATC0;
  1244  00C8  3001               	movlw	1
  1245  00C9  0022               	movlb	2	; select bank2
  1246  00CA  068E               	xorwf	14,f
  1247                           
  1248                           ;main.c: 191: LATC1= ~LATC1;
  1249  00CB  3002               	movlw	2
  1250  00CC  068E               	xorwf	14,f
  1251                           
  1252                           ;main.c: 192: LATC2=0 ;
  1253  00CD  110E               	bcf	14,2	;volatile
  1254                           
  1255                           ;main.c: 193: LATC3= ~LATC3;
  1256  00CE  3008               	movlw	8
  1257  00CF  068E               	xorwf	14,f
  1258  00D0  282A               	goto	l698
  1259  00D1                     __end_of_main:	
  1260                           
  1261                           	psect	text1
  1262  0115                     __ptext1:	
  1263 ;; *************** function _SYSTEM_Initialize *****************
  1264 ;; Defined at:
  1265 ;;		line 70 in file "mcc_generated_files/mcc.c"
  1266 ;; Parameters:    Size  Location     Type
  1267 ;;		None
  1268 ;; Auto vars:     Size  Location     Type
  1269 ;;		None
  1270 ;; Return value:  Size  Location     Type
  1271 ;;		None               void
  1272 ;; Registers used:
  1273 ;;		wreg, status,2, status,0, pclath, cstack
  1274 ;; Tracked objects:
  1275 ;;		On entry : 0/0
  1276 ;;		On exit  : 0/0
  1277 ;;		Unchanged: 0/0
  1278 ;; Data sizes:     COMMON   BANK0   BANK1   BANK2   BANK3   BANK4   BANK5   BANK6   BANK7   BANK8   BANK9  BANK10  BANK1
      +1  BANK12
  1279 ;;      Params:         0       0       0       0       0       0       0       0       0       0       0       0       
      +0       0
  1280 ;;      Locals:         0       0       0       0       0       0       0       0       0       0       0       0       
      +0       0
  1281 ;;      Temps:          0       0       0       0       0       0       0       0       0       0       0       0       
      +0       0
  1282 ;;      Totals:         0       0       0       0       0       0       0       0       0       0       0       0       
      +0       0
  1283 ;;Total ram usage:        0 bytes
  1284 ;; Hardware stack levels used:    1
  1285 ;; Hardware stack levels required when called:    3
  1286 ;; This function calls:
  1287 ;;		_OSCILLATOR_Initialize
  1288 ;;		_PIN_MANAGER_Initialize
  1289 ;;		_TMR0_Initialize
  1290 ;; This function is called by:
  1291 ;;		_main
  1292 ;; This function uses a non-reentrant model
  1293 ;;
  1294                           
  1295                           
  1296                           ;psect for function _SYSTEM_Initialize
  1297  0115                     _SYSTEM_Initialize:	
  1298                           
  1299                           ;mcc.c: 72: OSCILLATOR_Initialize();
  1300                           
  1301                           ;incstack = 0
  1302                           ; Regs used in _SYSTEM_Initialize: [wreg+status,2+status,0+pclath+cstack]
  1303  0115  3181  2125  3181   	fcall	_OSCILLATOR_Initialize
  1304                           
  1305                           ;mcc.c: 73: PIN_MANAGER_Initialize();
  1306  0118  3180  20D1  3181   	fcall	_PIN_MANAGER_Initialize
  1307                           
  1308                           ;mcc.c: 74: TMR0_Initialize();
  1309  011B  3181  210A         	fcall	_TMR0_Initialize
  1310  011D  0008               	return
  1311  011E                     __end_of_SYSTEM_Initialize:	
  1312                           
  1313                           	psect	text2
  1314  010A                     __ptext2:	
  1315 ;; *************** function _TMR0_Initialize *****************
  1316 ;; Defined at:
  1317 ;;		line 65 in file "mcc_generated_files/tmr0.c"
  1318 ;; Parameters:    Size  Location     Type
  1319 ;;		None
  1320 ;; Auto vars:     Size  Location     Type
  1321 ;;		None
  1322 ;; Return value:  Size  Location     Type
  1323 ;;		None               void
  1324 ;; Registers used:
  1325 ;;		wreg, status,2
  1326 ;; Tracked objects:
  1327 ;;		On entry : 0/0
  1328 ;;		On exit  : 0/0
  1329 ;;		Unchanged: 0/0
  1330 ;; Data sizes:     COMMON   BANK0   BANK1   BANK2   BANK3   BANK4   BANK5   BANK6   BANK7   BANK8   BANK9  BANK10  BANK1
      +1  BANK12
  1331 ;;      Params:         0       0       0       0       0       0       0       0       0       0       0       0       
      +0       0
  1332 ;;      Locals:         0       0       0       0       0       0       0       0       0       0       0       0       
      +0       0
  1333 ;;      Temps:          0       0       0       0       0       0       0       0       0       0       0       0       
      +0       0
  1334 ;;      Totals:         0       0       0       0       0       0       0       0       0       0       0       0       
      +0       0
  1335 ;;Total ram usage:        0 bytes
  1336 ;; Hardware stack levels used:    1
  1337 ;; Hardware stack levels required when called:    2
  1338 ;; This function calls:
  1339 ;;		Nothing
  1340 ;; This function is called by:
  1341 ;;		_SYSTEM_Initialize
  1342 ;; This function uses a non-reentrant model
  1343 ;;
  1344                           
  1345                           
  1346                           ;psect for function _TMR0_Initialize
  1347  010A                     _TMR0_Initialize:	
  1348                           
  1349                           ;tmr0.c: 70: OPTION_REG = (OPTION_REG & 0xC0) | 0xD7 & 0x3F;
  1350                           
  1351                           ;incstack = 0
  1352                           ; Regs used in _TMR0_Initialize: [wreg+status,2]
  1353  010A  0021               	movlb	1	; select bank1
  1354  010B  0815               	movf	21,w	;volatile
  1355  010C  39C0               	andlw	192
  1356  010D  3817               	iorlw	23
  1357  010E  0095               	movwf	21	;volatile
  1358                           
  1359                           ;tmr0.c: 73: TMR0 = 0x00;
  1360  010F  0020               	movlb	0	; select bank0
  1361  0110  0195               	clrf	21	;volatile
  1362                           
  1363                           ;tmr0.c: 76: timer0ReloadVal= 0;
  1364  0111  01F6               	clrf	_timer0ReloadVal	;volatile
  1365                           
  1366                           ;tmr0.c: 79: INTCONbits.TMR0IF = 0;
  1367  0112  110B               	bcf	11,2	;volatile
  1368                           
  1369                           ;tmr0.c: 82: INTCONbits.TMR0IE = 1;
  1370  0113  168B               	bsf	11,5	;volatile
  1371  0114  0008               	return
  1372  0115                     __end_of_TMR0_Initialize:	
  1373                           
  1374                           	psect	text3
  1375  00D1                     __ptext3:	
  1376 ;; *************** function _PIN_MANAGER_Initialize *****************
  1377 ;; Defined at:
  1378 ;;		line 56 in file "mcc_generated_files/pin_manager.c"
  1379 ;; Parameters:    Size  Location     Type
  1380 ;;		None
  1381 ;; Auto vars:     Size  Location     Type
  1382 ;;		None
  1383 ;; Return value:  Size  Location     Type
  1384 ;;		None               void
  1385 ;; Registers used:
  1386 ;;		wreg, status,2
  1387 ;; Tracked objects:
  1388 ;;		On entry : 0/0
  1389 ;;		On exit  : 0/0
  1390 ;;		Unchanged: 0/0
  1391 ;; Data sizes:     COMMON   BANK0   BANK1   BANK2   BANK3   BANK4   BANK5   BANK6   BANK7   BANK8   BANK9  BANK10  BANK1
      +1  BANK12
  1392 ;;      Params:         0       0       0       0       0       0       0       0       0       0       0       0       
      +0       0
  1393 ;;      Locals:         0       0       0       0       0       0       0       0       0       0       0       0       
      +0       0
  1394 ;;      Temps:          0       0       0       0       0       0       0       0       0       0       0       0       
      +0       0
  1395 ;;      Totals:         0       0       0       0       0       0       0       0       0       0       0       0       
      +0       0
  1396 ;;Total ram usage:        0 bytes
  1397 ;; Hardware stack levels used:    1
  1398 ;; Hardware stack levels required when called:    2
  1399 ;; This function calls:
  1400 ;;		Nothing
  1401 ;; This function is called by:
  1402 ;;		_SYSTEM_Initialize
  1403 ;; This function uses a non-reentrant model
  1404 ;;
  1405                           
  1406                           
  1407                           ;psect for function _PIN_MANAGER_Initialize
  1408  00D1                     _PIN_MANAGER_Initialize:	
  1409                           
  1410                           ;pin_manager.c: 58: LATA = 0x00;
  1411                           
  1412                           ;incstack = 0
  1413                           ; Regs used in _PIN_MANAGER_Initialize: [wreg+status,2]
  1414  00D1  0022               	movlb	2	; select bank2
  1415  00D2  018C               	clrf	12	;volatile
  1416                           
  1417                           ;pin_manager.c: 59: TRISA = 0x3F;
  1418  00D3  303F               	movlw	63
  1419  00D4  0021               	movlb	1	; select bank1
  1420  00D5  008C               	movwf	12	;volatile
  1421                           
  1422                           ;pin_manager.c: 60: ANSELA = 0x07;
  1423  00D6  3007               	movlw	7
  1424  00D7  0023               	movlb	3	; select bank3
  1425  00D8  008C               	movwf	12	;volatile
  1426                           
  1427                           ;pin_manager.c: 61: WPUA = 0x30;
  1428  00D9  3030               	movlw	48
  1429  00DA  0024               	movlb	4	; select bank4
  1430  00DB  008C               	movwf	12	;volatile
  1431                           
  1432                           ;pin_manager.c: 63: LATC = 0x00;
  1433  00DC  0022               	movlb	2	; select bank2
  1434  00DD  018E               	clrf	14	;volatile
  1435                           
  1436                           ;pin_manager.c: 64: TRISC = 0x30;
  1437  00DE  3030               	movlw	48
  1438  00DF  0021               	movlb	1	; select bank1
  1439  00E0  008E               	movwf	14	;volatile
  1440                           
  1441                           ;pin_manager.c: 65: ANSELC = 0x00;
  1442  00E1  0023               	movlb	3	; select bank3
  1443  00E2  018E               	clrf	14	;volatile
  1444                           
  1445                           ;pin_manager.c: 66: WPUC = 0x00;
  1446  00E3  0024               	movlb	4	; select bank4
  1447  00E4  018E               	clrf	14	;volatile
  1448                           
  1449                           ;pin_manager.c: 68: OPTION_REGbits.nWPUEN = 0x00;
  1450  00E5  0021               	movlb	1	; select bank1
  1451  00E6  1395               	bcf	21,7	;volatile
  1452                           
  1453                           ;pin_manager.c: 70: APFCON0 = 0x00;
  1454  00E7  0022               	movlb	2	; select bank2
  1455  00E8  019D               	clrf	29	;volatile
  1456                           
  1457                           ;pin_manager.c: 72: APFCON1 = 0x00;
  1458  00E9  019E               	clrf	30	;volatile
  1459                           
  1460                           ;pin_manager.c: 75: IOCAN4 = 1;
  1461  00EA  0027               	movlb	7	; select bank7
  1462  00EB  1612               	bsf	18,4	;volatile
  1463                           
  1464                           ;pin_manager.c: 76: IOCAN5 = 1;
  1465  00EC  1692               	bsf	18,5	;volatile
  1466                           
  1467                           ;pin_manager.c: 79: INTCONbits.IOCIE = 1;
  1468  00ED  158B               	bsf	11,3	;volatile
  1469  00EE  0008               	return
  1470  00EF                     __end_of_PIN_MANAGER_Initialize:	
  1471                           
  1472                           	psect	text4
  1473  0125                     __ptext4:	
  1474 ;; *************** function _OSCILLATOR_Initialize *****************
  1475 ;; Defined at:
  1476 ;;		line 77 in file "mcc_generated_files/mcc.c"
  1477 ;; Parameters:    Size  Location     Type
  1478 ;;		None
  1479 ;; Auto vars:     Size  Location     Type
  1480 ;;		None
  1481 ;; Return value:  Size  Location     Type
  1482 ;;		None               void
  1483 ;; Registers used:
  1484 ;;		wreg, status,2
  1485 ;; Tracked objects:
  1486 ;;		On entry : 0/0
  1487 ;;		On exit  : 0/0
  1488 ;;		Unchanged: 0/0
  1489 ;; Data sizes:     COMMON   BANK0   BANK1   BANK2   BANK3   BANK4   BANK5   BANK6   BANK7   BANK8   BANK9  BANK10  BANK1
      +1  BANK12
  1490 ;;      Params:         0       0       0       0       0       0       0       0       0       0       0       0       
      +0       0
  1491 ;;      Locals:         0       0       0       0       0       0       0       0       0       0       0       0       
      +0       0
  1492 ;;      Temps:          0       0       0       0       0       0       0       0       0       0       0       0       
      +0       0
  1493 ;;      Totals:         0       0       0       0       0       0       0       0       0       0       0       0       
      +0       0
  1494 ;;Total ram usage:        0 bytes
  1495 ;; Hardware stack levels used:    1
  1496 ;; Hardware stack levels required when called:    2
  1497 ;; This function calls:
  1498 ;;		Nothing
  1499 ;; This function is called by:
  1500 ;;		_SYSTEM_Initialize
  1501 ;; This function uses a non-reentrant model
  1502 ;;
  1503                           
  1504                           
  1505                           ;psect for function _OSCILLATOR_Initialize
  1506  0125                     _OSCILLATOR_Initialize:	
  1507                           
  1508                           ;mcc.c: 80: OSCCON = 0x6A;
  1509                           
  1510                           ;incstack = 0
  1511                           ; Regs used in _OSCILLATOR_Initialize: [wreg+status,2]
  1512  0125  306A               	movlw	106
  1513  0126  0021               	movlb	1	; select bank1
  1514  0127  0099               	movwf	25	;volatile
  1515                           
  1516                           ;mcc.c: 82: OSCSTAT = 0x00;
  1517  0128  019A               	clrf	26	;volatile
  1518                           
  1519                           ;mcc.c: 84: OSCTUNE = 0x00;
  1520  0129  0198               	clrf	24	;volatile
  1521  012A  0008               	return
  1522  012B                     __end_of_OSCILLATOR_Initialize:	
  1523                           
  1524                           	psect	intentry
  1525  0004                     __pintentry:	
  1526 ;; *************** function _INTERRUPT_InterruptManager *****************
  1527 ;; Defined at:
  1528 ;;		line 52 in file "mcc_generated_files/interrupt_manager.c"
  1529 ;; Parameters:    Size  Location     Type
  1530 ;;		None
  1531 ;; Auto vars:     Size  Location     Type
  1532 ;;		None
  1533 ;; Return value:  Size  Location     Type
  1534 ;;		None               void
  1535 ;; Registers used:
  1536 ;;		wreg, status,2, status,0, pclath, cstack
  1537 ;; Tracked objects:
  1538 ;;		On entry : 0/0
  1539 ;;		On exit  : 0/0
  1540 ;;		Unchanged: 0/0
  1541 ;; Data sizes:     COMMON   BANK0   BANK1   BANK2   BANK3   BANK4   BANK5   BANK6   BANK7   BANK8   BANK9  BANK10  BANK1
      +1  BANK12
  1542 ;;      Params:         0       0       0       0       0       0       0       0       0       0       0       0       
      +0       0
  1543 ;;      Locals:         0       0       0       0       0       0       0       0       0       0       0       0       
      +0       0
  1544 ;;      Temps:          1       0       0       0       0       0       0       0       0       0       0       0       
      +0       0
  1545 ;;      Totals:         1       0       0       0       0       0       0       0       0       0       0       0       
      +0       0
  1546 ;;Total ram usage:        1 bytes
  1547 ;; Hardware stack levels used:    1
  1548 ;; Hardware stack levels required when called:    1
  1549 ;; This function calls:
  1550 ;;		_PIN_MANAGER_IOC
  1551 ;;		_TMR0_ISR
  1552 ;; This function is called by:
  1553 ;;		Interrupt level 1
  1554 ;; This function uses a non-reentrant model
  1555 ;;
  1556                           
  1557  0004                     _INTERRUPT_InterruptManager:	
  1558                           
  1559                           ;incstack = 0
  1560                           ; Regs used in _INTERRUPT_InterruptManager: [wreg+status,2+status,0+pclath+cstack]
  1561  0004  3180               	pagesel	$
  1562  0005  0020               	movlb	0	; select bank0
  1563  0006  087F               	movf	127,w
  1564  0007  00F8               	movwf	??_INTERRUPT_InterruptManager
  1565                           
  1566                           ;interrupt_manager.c: 55: if(INTCONbits.IOCIE == 1 && INTCONbits.IOCIF == 1)
  1567  0008  198B               	btfsc	11,3	;volatile
  1568  0009  1C0B               	btfss	11,0	;volatile
  1569  000A  2810               	goto	i1l74
  1570                           
  1571                           ;interrupt_manager.c: 56: {
  1572                           ;interrupt_manager.c: 57: PIN_MANAGER_IOC();
  1573  000B  3180  20EF  3180   	fcall	_PIN_MANAGER_IOC
  1574                           
  1575                           ;interrupt_manager.c: 60: INTCONbits.IOCIF = 0;
  1576  000E  100B               	bcf	11,0	;volatile
  1577                           
  1578                           ;interrupt_manager.c: 62: }
  1579  000F  2815               	goto	i1l78
  1580  0010                     i1l74:	
  1581                           
  1582                           ;interrupt_manager.c: 63: else if(INTCONbits.TMR0IE == 1 && INTCONbits.TMR0IF == 1)
  1583  0010  1A8B               	btfsc	11,5	;volatile
  1584  0011  1D0B               	btfss	11,2	;volatile
  1585  0012  2815               	goto	i1l78
  1586                           
  1587                           ;interrupt_manager.c: 64: {
  1588                           ;interrupt_manager.c: 65: TMR0_ISR();
  1589  0013  3181  211E         	fcall	_TMR0_ISR
  1590  0015                     i1l78:	
  1591                           ;interrupt_manager.c: 67: else
  1592                           ;interrupt_manager.c: 68: {
  1593                           
  1594                           ;interrupt_manager.c: 66: }
  1595                           
  1596  0015  0878               	movf	??_INTERRUPT_InterruptManager,w
  1597  0016  0020               	movlb	0	; select bank0
  1598  0017  00FF               	movwf	127
  1599  0018  0009               	retfie
  1600  0019                     __end_of_INTERRUPT_InterruptManager:	
  1601                           
  1602                           	psect	text6
  1603  011E                     __ptext6:	
  1604 ;; *************** function _TMR0_ISR *****************
  1605 ;; Defined at:
  1606 ;;		line 107 in file "mcc_generated_files/tmr0.c"
  1607 ;; Parameters:    Size  Location     Type
  1608 ;;		None
  1609 ;; Auto vars:     Size  Location     Type
  1610 ;;		None
  1611 ;; Return value:  Size  Location     Type
  1612 ;;		None               void
  1613 ;; Registers used:
  1614 ;;		wreg
  1615 ;; Tracked objects:
  1616 ;;		On entry : 0/0
  1617 ;;		On exit  : 0/0
  1618 ;;		Unchanged: 0/0
  1619 ;; Data sizes:     COMMON   BANK0   BANK1   BANK2   BANK3   BANK4   BANK5   BANK6   BANK7   BANK8   BANK9  BANK10  BANK1
      +1  BANK12
  1620 ;;      Params:         0       0       0       0       0       0       0       0       0       0       0       0       
      +0       0
  1621 ;;      Locals:         0       0       0       0       0       0       0       0       0       0       0       0       
      +0       0
  1622 ;;      Temps:          0       0       0       0       0       0       0       0       0       0       0       0       
      +0       0
  1623 ;;      Totals:         0       0       0       0       0       0       0       0       0       0       0       0       
      +0       0
  1624 ;;Total ram usage:        0 bytes
  1625 ;; Hardware stack levels used:    1
  1626 ;; This function calls:
  1627 ;;		Nothing
  1628 ;; This function is called by:
  1629 ;;		_INTERRUPT_InterruptManager
  1630 ;; This function uses a non-reentrant model
  1631 ;;
  1632                           
  1633                           
  1634                           ;psect for function _TMR0_ISR
  1635  011E                     _TMR0_ISR:	
  1636                           
  1637                           ;tmr0.c: 111: INTCONbits.TMR0IF = 0;
  1638                           
  1639                           ;incstack = 0
  1640                           ; Regs used in _TMR0_ISR: [wreg]
  1641  011E  110B               	bcf	11,2	;volatile
  1642                           
  1643                           ;tmr0.c: 114: ms195flag=1;
  1644  011F  01F2               	clrf	_ms195flag
  1645  0120  0AF2               	incf	_ms195flag,f
  1646                           
  1647                           ;tmr0.c: 115: TMR0 = timer0ReloadVal;
  1648  0121  0876               	movf	_timer0ReloadVal,w	;volatile
  1649  0122  0020               	movlb	0	; select bank0
  1650  0123  0095               	movwf	21	;volatile
  1651  0124  0008               	return
  1652  0125                     __end_of_TMR0_ISR:	
  1653                           
  1654                           	psect	text7
  1655  00EF                     __ptext7:	
  1656 ;; *************** function _PIN_MANAGER_IOC *****************
  1657 ;; Defined at:
  1658 ;;		line 82 in file "mcc_generated_files/pin_manager.c"
  1659 ;; Parameters:    Size  Location     Type
  1660 ;;		None
  1661 ;; Auto vars:     Size  Location     Type
  1662 ;;		None
  1663 ;; Return value:  Size  Location     Type
  1664 ;;		None               void
  1665 ;; Registers used:
  1666 ;;		wreg, status,2, status,0
  1667 ;; Tracked objects:
  1668 ;;		On entry : 0/0
  1669 ;;		On exit  : 0/0
  1670 ;;		Unchanged: 0/0
  1671 ;; Data sizes:     COMMON   BANK0   BANK1   BANK2   BANK3   BANK4   BANK5   BANK6   BANK7   BANK8   BANK9  BANK10  BANK1
      +1  BANK12
  1672 ;;      Params:         0       0       0       0       0       0       0       0       0       0       0       0       
      +0       0
  1673 ;;      Locals:         0       0       0       0       0       0       0       0       0       0       0       0       
      +0       0
  1674 ;;      Temps:          1       0       0       0       0       0       0       0       0       0       0       0       
      +0       0
  1675 ;;      Totals:         1       0       0       0       0       0       0       0       0       0       0       0       
      +0       0
  1676 ;;Total ram usage:        1 bytes
  1677 ;; Hardware stack levels used:    1
  1678 ;; This function calls:
  1679 ;;		Nothing
  1680 ;; This function is called by:
  1681 ;;		_INTERRUPT_InterruptManager
  1682 ;; This function uses a non-reentrant model
  1683 ;;
  1684                           
  1685                           
  1686                           ;psect for function _PIN_MANAGER_IOC
  1687  00EF                     _PIN_MANAGER_IOC:	
  1688                           
  1689                           ;pin_manager.c: 84: if((IOCAN4 == 1) && (IOCAF4 == 1))
  1690                           
  1691                           ;incstack = 0
  1692                           ; Regs used in _PIN_MANAGER_IOC: [wreg+status,2+status,0]
  1693  00EF  0027               	movlb	7	; select bank7
  1694  00F0  1A12               	btfsc	18,4	;volatile
  1695  00F1  1E13               	btfss	19,4	;volatile
  1696  00F2  28F5               	goto	i1l42
  1697                           
  1698                           ;pin_manager.c: 85: {
  1699                           ;pin_manager.c: 89: IOCAF4 = 0;
  1700  00F3  1213               	bcf	19,4	;volatile
  1701                           
  1702                           ;pin_manager.c: 90: }
  1703  00F4  0008               	return
  1704  00F5                     i1l42:	
  1705                           
  1706                           ;pin_manager.c: 91: else if((IOCAN5 == 1) && (IOCAF5 == 1))
  1707  00F5  1E92               	btfss	18,5	;volatile
  1708  00F6  0008               	return
  1709  00F7  1E93               	btfss	19,5	;volatile
  1710  00F8  0008               	return
  1711                           
  1712                           ;pin_manager.c: 92: {
  1713                           ;pin_manager.c: 95: if(PORTAbits.RA5==0)
  1714  00F9  0020               	movlb	0	; select bank0
  1715  00FA  1A8C               	btfsc	12,5	;volatile
  1716  00FB  2907               	goto	i1l45
  1717                           
  1718                           ;pin_manager.c: 96: {
  1719                           ;pin_manager.c: 98: ledbuttonpressed=ledbuttonpressed+1;
  1720  00FC  0871               	movf	_ledbuttonpressed,w
  1721  00FD  3E01               	addlw	1
  1722  00FE  00F7               	movwf	??_PIN_MANAGER_IOC
  1723  00FF  0877               	movf	??_PIN_MANAGER_IOC,w
  1724  0100  00F1               	movwf	_ledbuttonpressed
  1725                           
  1726                           ;pin_manager.c: 99: if(ledbuttonpressed==11)
  1727  0101  300B               	movlw	11
  1728  0102  0671               	xorwf	_ledbuttonpressed,w
  1729  0103  1D03               	btfss	3,2
  1730  0104  2907               	goto	i1l45
  1731                           
  1732                           ;pin_manager.c: 100: ledbuttonpressed=1;
  1733  0105  01F1               	clrf	_ledbuttonpressed
  1734  0106  0AF1               	incf	_ledbuttonpressed,f
  1735  0107                     i1l45:	
  1736                           
  1737                           ;pin_manager.c: 102: }
  1738                           ;pin_manager.c: 104: IOCAF5 = 0;
  1739  0107  0027               	movlb	7	; select bank7
  1740  0108  1293               	bcf	19,5	;volatile
  1741  0109  0008               	return
  1742  010A                     __end_of_PIN_MANAGER_IOC:	
  1743  007E                     btemp	set	126	;btemp
  1744  007E                     wtemp	set	126
  1745  007E                     wtemp0	set	126
  1746  0080                     wtemp1	set	128
  1747  0082                     wtemp2	set	130
  1748  0084                     wtemp3	set	132
  1749  0086                     wtemp4	set	134
  1750  0088                     wtemp5	set	136
  1751  007F                     wtemp6	set	127
  1752  007E                     ttemp	set	126
  1753  007E                     ttemp0	set	126
  1754  0081                     ttemp1	set	129
  1755  0084                     ttemp2	set	132
  1756  0087                     ttemp3	set	135
  1757  007F                     ttemp4	set	127
  1758  007E                     ltemp	set	126
  1759  007E                     ltemp0	set	126
  1760  0082                     ltemp1	set	130
  1761  0086                     ltemp2	set	134
  1762  0080                     ltemp3	set	128


Data Sizes:
    Strings     0
    Constant    0
    Data        0
    BSS         7
    Persistent  0
    Stack       0

Auto Spaces:
    Space          Size  Autos    Used
    COMMON           14      3      10
    BANK0            80      0       0
    BANK1            80      0       0
    BANK2            80      0       0
    BANK3            80      0       0
    BANK4            80      0       0
    BANK5            80      0       0
    BANK6            80      0       0
    BANK7            80      0       0
    BANK8            80      0       0
    BANK9            80      0       0
    BANK10           80      0       0
    BANK11           80      0       0
    BANK12           48      0       0

Pointer List with Targets:

    None.

Critical Paths under _main in COMMON

    None.

Critical Paths under _INTERRUPT_InterruptManager in COMMON

    _INTERRUPT_InterruptManager->_PIN_MANAGER_IOC

Critical Paths under _main in BANK0

    None.

Critical Paths under _INTERRUPT_InterruptManager in BANK0

    None.

Critical Paths under _main in BANK1

    None.

Critical Paths under _INTERRUPT_InterruptManager in BANK1

    None.

Critical Paths under _main in BANK2

    None.

Critical Paths under _INTERRUPT_InterruptManager in BANK2

    None.

Critical Paths under _main in BANK3

    None.

Critical Paths under _INTERRUPT_InterruptManager in BANK3

    None.

Critical Paths under _main in BANK4

    None.

Critical Paths under _INTERRUPT_InterruptManager in BANK4

    None.

Critical Paths under _main in BANK5

    None.

Critical Paths under _INTERRUPT_InterruptManager in BANK5

    None.

Critical Paths under _main in BANK6

    None.

Critical Paths under _INTERRUPT_InterruptManager in BANK6

    None.

Critical Paths under _main in BANK7

    None.

Critical Paths under _INTERRUPT_InterruptManager in BANK7

    None.

Critical Paths under _main in BANK8

    None.

Critical Paths under _INTERRUPT_InterruptManager in BANK8

    None.

Critical Paths under _main in BANK9

    None.

Critical Paths under _INTERRUPT_InterruptManager in BANK9

    None.

Critical Paths under _main in BANK10

    None.

Critical Paths under _INTERRUPT_InterruptManager in BANK10

    None.

Critical Paths under _main in BANK11

    None.

Critical Paths under _INTERRUPT_InterruptManager in BANK11

    None.

Critical Paths under _main in BANK12

    None.

Critical Paths under _INTERRUPT_InterruptManager in BANK12

    None.

Call Graph Tables:

 ---------------------------------------------------------------------------------
 (Depth) Function   	        Calls       Base Space   Used Autos Params    Refs
 ---------------------------------------------------------------------------------
 (0) _main                                                 1     1      0       0
                                              2 COMMON     1     1      0
                  _SYSTEM_Initialize
 ---------------------------------------------------------------------------------
 (1) _SYSTEM_Initialize                                    0     0      0       0
              _OSCILLATOR_Initialize
             _PIN_MANAGER_Initialize
                    _TMR0_Initialize
 ---------------------------------------------------------------------------------
 (2) _TMR0_Initialize                                      0     0      0       0
 ---------------------------------------------------------------------------------
 (2) _PIN_MANAGER_Initialize                               0     0      0       0
 ---------------------------------------------------------------------------------
 (2) _OSCILLATOR_Initialize                                0     0      0       0
 ---------------------------------------------------------------------------------
 Estimated maximum stack depth 2
 ---------------------------------------------------------------------------------
 (Depth) Function   	        Calls       Base Space   Used Autos Params    Refs
 ---------------------------------------------------------------------------------
 (3) _INTERRUPT_InterruptManager                           1     1      0       0
                                              1 COMMON     1     1      0
                    _PIN_MANAGER_IOC
                           _TMR0_ISR
 ---------------------------------------------------------------------------------
 (4) _TMR0_ISR                                             0     0      0       0
 ---------------------------------------------------------------------------------
 (4) _PIN_MANAGER_IOC                                      1     1      0       0
                                              0 COMMON     1     1      0
 ---------------------------------------------------------------------------------
 Estimated maximum stack depth 4
 ---------------------------------------------------------------------------------

 Call Graph Graphs:

 _main (ROOT)
   _SYSTEM_Initialize
     _OSCILLATOR_Initialize
     _PIN_MANAGER_Initialize
     _TMR0_Initialize

 _INTERRUPT_InterruptManager (ROOT)
   _PIN_MANAGER_IOC
   _TMR0_ISR

 Address spaces:
Name               Size   Autos  Total    Cost      Usage
BIGRAM             3F0      0       0       0        0.0%
EEDATA             100      0       0       0        0.0%
NULL                 0      0       0       0        0.0%
CODE                 0      0       0       0        0.0%
BITCOMMON            E      0       0       1        0.0%
BITSFR0              0      0       0       1        0.0%
SFR0                 0      0       0       1        0.0%
COMMON               E      3       A       2       71.4%
BITSFR1              0      0       0       2        0.0%
SFR1                 0      0       0       2        0.0%
BITSFR2              0      0       0       3        0.0%
SFR2                 0      0       0       3        0.0%
STACK                0      0       0       3        0.0%
BITBANK0            50      0       0       4        0.0%
BITSFR3              0      0       0       4        0.0%
SFR3                 0      0       0       4        0.0%
BANK0               50      0       0       5        0.0%
BITSFR4              0      0       0       5        0.0%
SFR4                 0      0       0       5        0.0%
BITBANK1            50      0       0       6        0.0%
BITSFR5              0      0       0       6        0.0%
SFR5                 0      0       0       6        0.0%
BANK1               50      0       0       7        0.0%
BITSFR6              0      0       0       7        0.0%
SFR6                 0      0       0       7        0.0%
BITBANK2            50      0       0       8        0.0%
BITSFR7              0      0       0       8        0.0%
SFR7                 0      0       0       8        0.0%
BANK2               50      0       0       9        0.0%
BITSFR8              0      0       0       9        0.0%
SFR8                 0      0       0       9        0.0%
BITBANK3            50      0       0      10        0.0%
BITSFR9              0      0       0      10        0.0%
SFR9                 0      0       0      10        0.0%
BANK3               50      0       0      11        0.0%
BITSFR10             0      0       0      11        0.0%
SFR10                0      0       0      11        0.0%
BITBANK4            50      0       0      12        0.0%
BITSFR11             0      0       0      12        0.0%
SFR11                0      0       0      12        0.0%
BANK4               50      0       0      13        0.0%
BITSFR12             0      0       0      13        0.0%
SFR12                0      0       0      13        0.0%
BITBANK5            50      0       0      14        0.0%
BITSFR13             0      0       0      14        0.0%
SFR13                0      0       0      14        0.0%
BANK5               50      0       0      15        0.0%
BITSFR14             0      0       0      15        0.0%
SFR14                0      0       0      15        0.0%
BITBANK6            50      0       0      16        0.0%
BITSFR15             0      0       0      16        0.0%
SFR15                0      0       0      16        0.0%
BANK6               50      0       0      17        0.0%
BITSFR16             0      0       0      17        0.0%
SFR16                0      0       0      17        0.0%
BITBANK7            50      0       0      18        0.0%
BITSFR17             0      0       0      18        0.0%
SFR17                0      0       0      18        0.0%
BANK7               50      0       0      19        0.0%
BITSFR18             0      0       0      19        0.0%
SFR18                0      0       0      19        0.0%
BITSFR19             0      0       0      20        0.0%
SFR19                0      0       0      20        0.0%
ABS                  0      0       A      20        0.0%
BITBANK8            50      0       0      21        0.0%
BITSFR20             0      0       0      21        0.0%
SFR20                0      0       0      21        0.0%
BANK8               50      0       0      22        0.0%
BITSFR21             0      0       0      22        0.0%
SFR21                0      0       0      22        0.0%
BITBANK9            50      0       0      23        0.0%
BITSFR22             0      0       0      23        0.0%
SFR22                0      0       0      23        0.0%
BANK9               50      0       0      24        0.0%
BITSFR23             0      0       0      24        0.0%
SFR23                0      0       0      24        0.0%
BITBANK10           50      0       0      25        0.0%
BITSFR24             0      0       0      25        0.0%
SFR24                0      0       0      25        0.0%
BANK10              50      0       0      26        0.0%
BITSFR25             0      0       0      26        0.0%
SFR25                0      0       0      26        0.0%
BITBANK11           50      0       0      27        0.0%
BITSFR26             0      0       0      27        0.0%
SFR26                0      0       0      27        0.0%
BANK11              50      0       0      28        0.0%
BITSFR27             0      0       0      28        0.0%
SFR27                0      0       0      28        0.0%
BITBANK12           30      0       0      29        0.0%
BITSFR28             0      0       0      29        0.0%
SFR28                0      0       0      29        0.0%
BANK12              30      0       0      30        0.0%
BITSFR29             0      0       0      30        0.0%
SFR29                0      0       0      30        0.0%
BITSFR30             0      0       0      31        0.0%
SFR30                0      0       0      31        0.0%
DATA                 0      0       A      31        0.0%
BITSFR31             0      0       0      32        0.0%
SFR31                0      0       0      32        0.0%


Microchip Technology PIC Macro Assembler V1.34 build -361300703 
Symbol Table                                                                                   Fri Mar 29 14:11:41 2024

                        __CFG_CP$OFF 0000                      _timer0ReloadVal 0076  
                                l802 00C4                                  l724 004A  
                                l742 005E                                  l734 0054  
                                l762 007C                                  l748 0068  
                                l784 00A1                                  l776 0092  
                                l768 0087                                  l786 00A2  
                                l698 002A                                  l796 00B8  
                                u240 009F                         __CFG_CPD$OFF 0000  
                       __CFG_BORV$LO 0000                         __CFG_IESO$ON 0000  
                       __CFG_LVP$OFF 0000                                 _LATA 010C  
                               _LATC 010E                                 i1l42 00F5  
                               i1l45 0107                                 i1l74 0010  
                               i1l78 0015                                 _TMR0 0015  
                               _WPUA 020C                                 _WPUC 020E  
                       __CFG_WRT$OFF 0000                        __CFG_FCMEN$ON 0000  
                               _main 0025                                 btemp 007E  
                      __CFG_BOREN$ON 0000                                 ltemp 007E  
                               start 0019                                 ttemp 007E  
                               wtemp 007E                        __CFG_MCLRE$ON 0000  
            __end_of_TMR0_Initialize 0115       __size_of_OSCILLATOR_Initialize 0006  
      __end_of_OSCILLATOR_Initialize 012B                                ?_main 0077  
                      __CFG_WDTE$OFF 0000                                _LATC0 0870  
                              _LATC1 0871                                _LATC2 0872  
                              _LATC3 0873                                _TRISA 008C  
                              _TRISC 008E                     __end_of_TMR0_ISR 0125  
            __end_of_PIN_MANAGER_IOC 010A                                ltemp0 007E  
                              ltemp1 0082                                ltemp2 0086  
                              ltemp3 0080                                ttemp0 007E  
                              ttemp1 0081                                ttemp2 0084  
                              ttemp3 0087                                ttemp4 007F  
                              status 0003                                wtemp0 007E  
                              wtemp1 0080                                wtemp2 0082  
                              wtemp3 0084                                wtemp4 0086  
                              wtemp5 0088                                wtemp6 007F  
                    __initialization 001B                         __end_of_main 00D1  
        ?_INTERRUPT_InterruptManager 0077                               ??_main 0079  
                     __CFG_PLLEN$OFF 0000                               _ANSELA 018C  
                             _ANSELC 018E                               _IOCAF4 1C9C  
                             _IOCAF5 1C9D                               _IOCAN4 1C94  
                             _IOCAN5 1C95                               _OSCCON 0099  
                     __CFG_PWRTE$OFF 0000                       __CFG_STVREN$ON 0000  
                   ?_TMR0_Initialize 0077                     ?_PIN_MANAGER_IOC 0077  
                  _SYSTEM_Initialize 0115              __end_of__initialization 0022  
                 ?_SYSTEM_Initialize 0077                       __pcstackCOMMON 0077  
                ??_SYSTEM_Initialize 0079                            ?_TMR0_ISR 0077  
                     _OPTION_REGbits 0095            __end_of_SYSTEM_Initialize 011E  
                         __pmaintext 0025                           ??_TMR0_ISR 0077  
                         __pintentry 0004                              _APFCON0 011D  
                            _APFCON1 011E                              _OSCSTAT 009A  
                            _OSCTUNE 0098                              __ptext0 0000  
                            __ptext1 0115                              __ptext2 010A  
                            __ptext3 00D1                              __ptext4 0125  
                            __ptext6 011E                              __ptext7 00EF  
                            _counter 0070                _OSCILLATOR_Initialize 0125  
           ??_PIN_MANAGER_Initialize 0079           __size_of_SYSTEM_Initialize 0009  
                         _newcounter 0073                 end_of_initialization 0022  
                          _PORTAbits 000C                     __CFG_FOSC$INTOSC 0000  
                  __size_of_TMR0_ISR 0007               ?_OSCILLATOR_Initialize 0077  
                start_initialization 001B             __size_of_TMR0_Initialize 000B  
    __size_of_PIN_MANAGER_Initialize 001E             __size_of_PIN_MANAGER_IOC 001B  
                        __pbssCOMMON 0070                            ___latbits 0002  
                          _ms195flag 0072               _PIN_MANAGER_Initialize 00D1  
       ??_INTERRUPT_InterruptManager 0078                    ??_TMR0_Initialize 0079  
__size_of_INTERRUPT_InterruptManager 0015                             _TMR0_ISR 011E  
                  ??_PIN_MANAGER_IOC 0077                     _ledbuttonpressed 0071  
            ??_OSCILLATOR_Initialize 0079                        __size_of_main 00AC  
 __end_of_INTERRUPT_InterruptManager 0019           _INTERRUPT_InterruptManager 0004  
                        _newcounter1 0074                          _newcounter2 0075  
                         _INTCONbits 000B                             intlevel1 0000  
            ?_PIN_MANAGER_Initialize 0077                    __CFG_CLKOUTEN$OFF 0000  
                         _OPTION_REG 0095                      _TMR0_Initialize 010A  
     __end_of_PIN_MANAGER_Initialize 00EF                      _PIN_MANAGER_IOC 00EF  
